<?xml version="1.0" encoding="UTF-8"?>
<testsuite xmlns:xsi="http://www.w3.org/2001/XMLSchema-instance" xsi:noNamespaceSchemaLocation="https://maven.apache.org/surefire/maven-surefire-plugin/xsd/surefire-test-report.xsd" version="3.0.2" name="com.locadora.LocacaoControllerTest" time="9.424" tests="5" errors="0" skipped="0" failures="0">
  <properties>
[...]
</properties>
  <testcase name="locacaoValidaDecrementaEstoque" classname="com.locadora.LocacaoControllerTest" time="1.87">
    <system-out><![CDATA[2026-06-23T07:07:10.622-03:00  INFO 21052 --- [           main] t.c.s.AnnotationConfigContextLoaderUtils : Could not detect default configuration classes for test class [com.locadora.LocacaoControllerTest]: LocacaoControllerTest does not declare any static, non-private, non-final, nested classes annotated with @Configuration.
2026-06-23T07:07:10.625-03:00  INFO 21052 --- [           main] .b.t.c.SpringBootTestContextBootstrapper : Found @SpringBootConfiguration com.locadora.LocadoraApplication for test class com.locadora.LocacaoControllerTest
2026-06-23T07:07:10.630-03:00  INFO 21052 --- [           main] j.LocalContainerEntityManagerFactoryBean : Closing JPA EntityManagerFactory for persistence unit 'default'
2026-06-23T07:07:10.631-03:00  INFO 21052 --- [           main] com.zaxxer.hikari.HikariDataSource       : HikariPool-10 - Shutdown initiated...
2026-06-23T07:07:10.632-03:00  INFO 21052 --- [           main] com.zaxxer.hikari.HikariDataSource       : HikariPool-10 - Shutdown completed.
2026-06-23T07:07:10.763-03:00  INFO 21052 --- [           main] .s.d.r.c.RepositoryConfigurationDelegate : Bootstrapping Spring Data JPA repositories in DEFAULT mode.
2026-06-23T07:07:10.776-03:00  INFO 21052 --- [           main] .s.d.r.c.RepositoryConfigurationDelegate : Finished Spring Data repository scanning in 10 ms. Found 3 JPA repository interfaces.
2026-06-23T07:07:10.842-03:00  INFO 21052 --- [           main] o.hibernate.jpa.internal.util.LogHelper  : HHH000204: Processing PersistenceUnitInfo [name: default]
2026-06-23T07:07:10.844-03:00  INFO 21052 --- [           main] o.h.c.internal.RegionFactoryInitiator    : HHH000026: Second-level cache disabled
2026-06-23T07:07:10.851-03:00  INFO 21052 --- [           main] o.s.o.j.p.SpringPersistenceUnitInfo      : No LoadTimeWeaver setup: ignoring JPA class transformer
2026-06-23T07:07:10.852-03:00  INFO 21052 --- [           main] com.zaxxer.hikari.HikariDataSource       : HikariPool-11 - Starting...
2026-06-23T07:07:10.853-03:00  INFO 21052 --- [           main] com.zaxxer.hikari.pool.HikariPool        : HikariPool-11 - Added connection conn100: url=jdbc:h2:mem:testdb user=SA
2026-06-23T07:07:10.854-03:00  INFO 21052 --- [           main] com.zaxxer.hikari.HikariDataSource       : HikariPool-11 - Start completed.
2026-06-23T07:07:10.854-03:00  WARN 21052 --- [           main] org.hibernate.orm.deprecation            : HHH90000025: H2Dialect does not need to be specified explicitly using 'hibernate.dialect' (remove the property setting and it will be selected by default)
2026-06-23T07:07:10.854-03:00  INFO 21052 --- [           main] org.hibernate.orm.connections.pooling    : HHH10001005: Database info:
	Database JDBC URL [Connecting through datasource 'HikariDataSource (HikariPool-11)']
	Database driver: undefined/unknown
	Database version: 2.3.232
	Autocommit mode: undefined/unknown
	Isolation level: undefined/unknown
	Minimum pool size: undefined/unknown
	Maximum pool size: undefined/unknown
2026-06-23T07:07:10.919-03:00  INFO 21052 --- [           main] o.h.e.t.j.p.i.JtaPlatformInitiator       : HHH000489: No JTA platform available (set 'hibernate.transaction.jta.platform' to enable JTA platform integration)
2026-06-23T07:07:10.925-03:00  INFO 21052 --- [           main] j.LocalContainerEntityManagerFactoryBean : Initialized JPA EntityManagerFactory for persistence unit 'default'
2026-06-23T07:07:10.967-03:00  WARN 21052 --- [           main] JpaBaseConfiguration$JpaWebConfiguration : spring.jpa.open-in-view is enabled by default. Therefore, database queries may be performed during view rendering. Explicitly configure spring.jpa.open-in-view to disable this warning
2026-06-23T07:07:11.091-03:00  INFO 21052 --- [           main] o.s.b.t.m.w.SpringBootMockServletContext : Initializing Spring TestDispatcherServlet ''
2026-06-23T07:07:11.092-03:00  INFO 21052 --- [           main] o.s.t.web.servlet.TestDispatcherServlet  : Initializing Servlet ''
2026-06-23T07:07:11.092-03:00  INFO 21052 --- [           main] o.s.t.web.servlet.TestDispatcherServlet  : Completed initialization in 0 ms
]]></system-out>
  </testcase>
  <testcase name="jogoSemEstoqueBloqueado" classname="com.locadora.LocacaoControllerTest" time="1.792">
    <system-out><![CDATA[2026-06-23T07:07:12.501-03:00  INFO 21052 --- [           main] j.LocalContainerEntityManagerFactoryBean : Closing JPA EntityManagerFactory for persistence unit 'default'
2026-06-23T07:07:12.502-03:00  INFO 21052 --- [           main] com.zaxxer.hikari.HikariDataSource       : HikariPool-11 - Shutdown initiated...
2026-06-23T07:07:12.503-03:00  INFO 21052 --- [           main] com.zaxxer.hikari.HikariDataSource       : HikariPool-11 - Shutdown completed.
2026-06-23T07:07:12.616-03:00  INFO 21052 --- [           main] .s.d.r.c.RepositoryConfigurationDelegate : Bootstrapping Spring Data JPA repositories in DEFAULT mode.
2026-06-23T07:07:12.625-03:00  INFO 21052 --- [           main] .s.d.r.c.RepositoryConfigurationDelegate : Finished Spring Data repository scanning in 7 ms. Found 3 JPA repository interfaces.
2026-06-23T07:07:12.676-03:00  INFO 21052 --- [           main] o.hibernate.jpa.internal.util.LogHelper  : HHH000204: Processing PersistenceUnitInfo [name: default]
2026-06-23T07:07:12.679-03:00  INFO 21052 --- [           main] o.h.c.internal.RegionFactoryInitiator    : HHH000026: Second-level cache disabled
2026-06-23T07:07:12.684-03:00  INFO 21052 --- [           main] o.s.o.j.p.SpringPersistenceUnitInfo      : No LoadTimeWeaver setup: ignoring JPA class transformer
2026-06-23T07:07:12.685-03:00  INFO 21052 --- [           main] com.zaxxer.hikari.HikariDataSource       : HikariPool-12 - Starting...
2026-06-23T07:07:12.685-03:00  INFO 21052 --- [           main] com.zaxxer.hikari.pool.HikariPool        : HikariPool-12 - Added connection conn110: url=jdbc:h2:mem:testdb user=SA
2026-06-23T07:07:12.686-03:00  INFO 21052 --- [           main] com.zaxxer.hikari.HikariDataSource       : HikariPool-12 - Start completed.
2026-06-23T07:07:12.686-03:00  WARN 21052 --- [           main] org.hibernate.orm.deprecation            : HHH90000025: H2Dialect does not need to be specified explicitly using 'hibernate.dialect' (remove the property setting and it will be selected by default)
2026-06-23T07:07:12.686-03:00  INFO 21052 --- [           main] org.hibernate.orm.connections.pooling    : HHH10001005: Database info:
	Database JDBC URL [Connecting through datasource 'HikariDataSource (HikariPool-12)']
	Database driver: undefined/unknown
	Database version: 2.3.232
	Autocommit mode: undefined/unknown
	Isolation level: undefined/unknown
	Minimum pool size: undefined/unknown
	Maximum pool size: undefined/unknown
2026-06-23T07:07:12.737-03:00  INFO 21052 --- [           main] o.h.e.t.j.p.i.JtaPlatformInitiator       : HHH000489: No JTA platform available (set 'hibernate.transaction.jta.platform' to enable JTA platform integration)
2026-06-23T07:07:12.745-03:00  INFO 21052 --- [           main] j.LocalContainerEntityManagerFactoryBean : Initialized JPA EntityManagerFactory for persistence unit 'default'
2026-06-23T07:07:12.790-03:00  WARN 21052 --- [           main] JpaBaseConfiguration$JpaWebConfiguration : spring.jpa.open-in-view is enabled by default. Therefore, database queries may be performed during view rendering. Explicitly configure spring.jpa.open-in-view to disable this warning
2026-06-23T07:07:12.895-03:00  INFO 21052 --- [           main] o.s.b.t.m.w.SpringBootMockServletContext : Initializing Spring TestDispatcherServlet ''
2026-06-23T07:07:12.896-03:00  INFO 21052 --- [           main] o.s.t.web.servlet.TestDispatcherServlet  : Initializing Servlet ''
2026-06-23T07:07:12.896-03:00  INFO 21052 --- [           main] o.s.t.web.servlet.TestDispatcherServlet  : Completed initialization in 0 ms
]]></system-out>
  </testcase>
  <testcase name="devolucaoIncrementaEstoque" classname="com.locadora.LocacaoControllerTest" time="1.997">
    <system-out><![CDATA[2026-06-23T07:07:14.293-03:00  INFO 21052 --- [           main] j.LocalContainerEntityManagerFactoryBean : Closing JPA EntityManagerFactory for persistence unit 'default'
2026-06-23T07:07:14.296-03:00  INFO 21052 --- [           main] com.zaxxer.hikari.HikariDataSource       : HikariPool-12 - Shutdown initiated...
2026-06-23T07:07:14.296-03:00  INFO 21052 --- [           main] com.zaxxer.hikari.HikariDataSource       : HikariPool-12 - Shutdown completed.
2026-06-23T07:07:14.410-03:00  INFO 21052 --- [           main] .s.d.r.c.RepositoryConfigurationDelegate : Bootstrapping Spring Data JPA repositories in DEFAULT mode.
2026-06-23T07:07:14.419-03:00  INFO 21052 --- [           main] .s.d.r.c.RepositoryConfigurationDelegate : Finished Spring Data repository scanning in 8 ms. Found 3 JPA repository interfaces.
2026-06-23T07:07:14.465-03:00  INFO 21052 --- [           main] o.hibernate.jpa.internal.util.LogHelper  : HHH000204: Processing PersistenceUnitInfo [name: default]
2026-06-23T07:07:14.466-03:00  INFO 21052 --- [           main] o.h.c.internal.RegionFactoryInitiator    : HHH000026: Second-level cache disabled
2026-06-23T07:07:14.476-03:00  INFO 21052 --- [           main] o.s.o.j.p.SpringPersistenceUnitInfo      : No LoadTimeWeaver setup: ignoring JPA class transformer
2026-06-23T07:07:14.477-03:00  INFO 21052 --- [           main] com.zaxxer.hikari.HikariDataSource       : HikariPool-13 - Starting...
2026-06-23T07:07:14.478-03:00  INFO 21052 --- [           main] com.zaxxer.hikari.pool.HikariPool        : HikariPool-13 - Added connection conn120: url=jdbc:h2:mem:testdb user=SA
2026-06-23T07:07:14.478-03:00  INFO 21052 --- [           main] com.zaxxer.hikari.HikariDataSource       : HikariPool-13 - Start completed.
2026-06-23T07:07:14.479-03:00  WARN 21052 --- [           main] org.hibernate.orm.deprecation            : HHH90000025: H2Dialect does not need to be specified explicitly using 'hibernate.dialect' (remove the property setting and it will be selected by default)
2026-06-23T07:07:14.479-03:00  INFO 21052 --- [           main] org.hibernate.orm.connections.pooling    : HHH10001005: Database info:
	Database JDBC URL [Connecting through datasource 'HikariDataSource (HikariPool-13)']
	Database driver: undefined/unknown
	Database version: 2.3.232
	Autocommit mode: undefined/unknown
	Isolation level: undefined/unknown
	Minimum pool size: undefined/unknown
	Maximum pool size: undefined/unknown
2026-06-23T07:07:14.532-03:00  INFO 21052 --- [           main] o.h.e.t.j.p.i.JtaPlatformInitiator       : HHH000489: No JTA platform available (set 'hibernate.transaction.jta.platform' to enable JTA platform integration)
2026-06-23T07:07:14.537-03:00  INFO 21052 --- [           main] j.LocalContainerEntityManagerFactoryBean : Initialized JPA EntityManagerFactory for persistence unit 'default'
2026-06-23T07:07:14.569-03:00  WARN 21052 --- [           main] JpaBaseConfiguration$JpaWebConfiguration : spring.jpa.open-in-view is enabled by default. Therefore, database queries may be performed during view rendering. Explicitly configure spring.jpa.open-in-view to disable this warning
2026-06-23T07:07:14.655-03:00  INFO 21052 --- [           main] o.s.b.t.m.w.SpringBootMockServletContext : Initializing Spring TestDispatcherServlet ''
2026-06-23T07:07:14.655-03:00  INFO 21052 --- [           main] o.s.t.web.servlet.TestDispatcherServlet  : Initializing Servlet ''
2026-06-23T07:07:14.655-03:00  INFO 21052 --- [           main] o.s.t.web.servlet.TestDispatcherServlet  : Completed initialization in 0 ms
]]></system-out>
  </testcase>
  <testcase name="locacaoUsuarioInvalido" classname="com.locadora.LocacaoControllerTest" time="1.755">
    <system-out><![CDATA[2026-06-23T07:07:16.292-03:00  INFO 21052 --- [           main] j.LocalContainerEntityManagerFactoryBean : Closing JPA EntityManagerFactory for persistence unit 'default'
2026-06-23T07:07:16.294-03:00  INFO 21052 --- [           main] com.zaxxer.hikari.HikariDataSource       : HikariPool-13 - Shutdown initiated...
2026-06-23T07:07:16.294-03:00  INFO 21052 --- [           main] com.zaxxer.hikari.HikariDataSource       : HikariPool-13 - Shutdown completed.
2026-06-23T07:07:16.414-03:00  INFO 21052 --- [           main] .s.d.r.c.RepositoryConfigurationDelegate : Bootstrapping Spring Data JPA repositories in DEFAULT mode.
2026-06-23T07:07:16.423-03:00  INFO 21052 --- [           main] .s.d.r.c.RepositoryConfigurationDelegate : Finished Spring Data repository scanning in 8 ms. Found 3 JPA repository interfaces.
2026-06-23T07:07:16.468-03:00  INFO 21052 --- [           main] o.hibernate.jpa.internal.util.LogHelper  : HHH000204: Processing PersistenceUnitInfo [name: default]
2026-06-23T07:07:16.470-03:00  INFO 21052 --- [           main] o.h.c.internal.RegionFactoryInitiator    : HHH000026: Second-level cache disabled
2026-06-23T07:07:16.476-03:00  INFO 21052 --- [           main] o.s.o.j.p.SpringPersistenceUnitInfo      : No LoadTimeWeaver setup: ignoring JPA class transformer
2026-06-23T07:07:16.477-03:00  INFO 21052 --- [           main] com.zaxxer.hikari.HikariDataSource       : HikariPool-14 - Starting...
2026-06-23T07:07:16.477-03:00  INFO 21052 --- [           main] com.zaxxer.hikari.pool.HikariPool        : HikariPool-14 - Added connection conn130: url=jdbc:h2:mem:testdb user=SA
2026-06-23T07:07:16.478-03:00  INFO 21052 --- [           main] com.zaxxer.hikari.HikariDataSource       : HikariPool-14 - Start completed.
2026-06-23T07:07:16.479-03:00  WARN 21052 --- [           main] org.hibernate.orm.deprecation            : HHH90000025: H2Dialect does not need to be specified explicitly using 'hibernate.dialect' (remove the property setting and it will be selected by default)
2026-06-23T07:07:16.479-03:00  INFO 21052 --- [           main] org.hibernate.orm.connections.pooling    : HHH10001005: Database info:
	Database JDBC URL [Connecting through datasource 'HikariDataSource (HikariPool-14)']
	Database driver: undefined/unknown
	Database version: 2.3.232
	Autocommit mode: undefined/unknown
	Isolation level: undefined/unknown
	Minimum pool size: undefined/unknown
	Maximum pool size: undefined/unknown
2026-06-23T07:07:16.524-03:00  INFO 21052 --- [           main] o.h.e.t.j.p.i.JtaPlatformInitiator       : HHH000489: No JTA platform available (set 'hibernate.transaction.jta.platform' to enable JTA platform integration)
2026-06-23T07:07:16.529-03:00  INFO 21052 --- [           main] j.LocalContainerEntityManagerFactoryBean : Initialized JPA EntityManagerFactory for persistence unit 'default'
2026-06-23T07:07:16.558-03:00  WARN 21052 --- [           main] JpaBaseConfiguration$JpaWebConfiguration : spring.jpa.open-in-view is enabled by default. Therefore, database queries may be performed during view rendering. Explicitly configure spring.jpa.open-in-view to disable this warning
2026-06-23T07:07:16.649-03:00  INFO 21052 --- [           main] o.s.b.t.m.w.SpringBootMockServletContext : Initializing Spring TestDispatcherServlet ''
2026-06-23T07:07:16.651-03:00  INFO 21052 --- [           main] o.s.t.web.servlet.TestDispatcherServlet  : Initializing Servlet ''
2026-06-23T07:07:16.651-03:00  INFO 21052 --- [           main] o.s.t.web.servlet.TestDispatcherServlet  : Completed initialization in 0 ms
]]></system-out>
  </testcase>
  <testcase name="estoqueNaoCaiAbaixoDeZero" classname="com.locadora.LocacaoControllerTest" time="1.997">
    <system-out><![CDATA[2026-06-23T07:07:18.049-03:00  INFO 21052 --- [           main] j.LocalContainerEntityManagerFactoryBean : Closing JPA EntityManagerFactory for persistence unit 'default'
2026-06-23T07:07:18.050-03:00  INFO 21052 --- [           main] com.zaxxer.hikari.HikariDataSource       : HikariPool-14 - Shutdown initiated...
2026-06-23T07:07:18.050-03:00  INFO 21052 --- [           main] com.zaxxer.hikari.HikariDataSource       : HikariPool-14 - Shutdown completed.
2026-06-23T07:07:18.143-03:00  INFO 21052 --- [           main] .s.d.r.c.RepositoryConfigurationDelegate : Bootstrapping Spring Data JPA repositories in DEFAULT mode.
2026-06-23T07:07:18.152-03:00  INFO 21052 --- [           main] .s.d.r.c.RepositoryConfigurationDelegate : Finished Spring Data repository scanning in 7 ms. Found 3 JPA repository interfaces.
2026-06-23T07:07:18.193-03:00  INFO 21052 --- [           main] o.hibernate.jpa.internal.util.LogHelper  : HHH000204: Processing PersistenceUnitInfo [name: default]
2026-06-23T07:07:18.195-03:00  INFO 21052 --- [           main] o.h.c.internal.RegionFactoryInitiator    : HHH000026: Second-level cache disabled
2026-06-23T07:07:18.200-03:00  INFO 21052 --- [           main] o.s.o.j.p.SpringPersistenceUnitInfo      : No LoadTimeWeaver setup: ignoring JPA class transformer
2026-06-23T07:07:18.201-03:00  INFO 21052 --- [           main] com.zaxxer.hikari.HikariDataSource       : HikariPool-15 - Starting...
2026-06-23T07:07:18.202-03:00  INFO 21052 --- [           main] com.zaxxer.hikari.pool.HikariPool        : HikariPool-15 - Added connection conn140: url=jdbc:h2:mem:testdb user=SA
2026-06-23T07:07:18.202-03:00  INFO 21052 --- [           main] com.zaxxer.hikari.HikariDataSource       : HikariPool-15 - Start completed.
2026-06-23T07:07:18.203-03:00  WARN 21052 --- [           main] org.hibernate.orm.deprecation            : HHH90000025: H2Dialect does not need to be specified explicitly using 'hibernate.dialect' (remove the property setting and it will be selected by default)
2026-06-23T07:07:18.203-03:00  INFO 21052 --- [           main] org.hibernate.orm.connections.pooling    : HHH10001005: Database info:
	Database JDBC URL [Connecting through datasource 'HikariDataSource (HikariPool-15)']
	Database driver: undefined/unknown
	Database version: 2.3.232
	Autocommit mode: undefined/unknown
	Isolation level: undefined/unknown
	Minimum pool size: undefined/unknown
	Maximum pool size: undefined/unknown
2026-06-23T07:07:18.252-03:00  INFO 21052 --- [           main] o.h.e.t.j.p.i.JtaPlatformInitiator       : HHH000489: No JTA platform available (set 'hibernate.transaction.jta.platform' to enable JTA platform integration)
2026-06-23T07:07:18.258-03:00  INFO 21052 --- [           main] j.LocalContainerEntityManagerFactoryBean : Initialized JPA EntityManagerFactory for persistence unit 'default'
2026-06-23T07:07:18.289-03:00  WARN 21052 --- [           main] JpaBaseConfiguration$JpaWebConfiguration : spring.jpa.open-in-view is enabled by default. Therefore, database queries may be performed during view rendering. Explicitly configure spring.jpa.open-in-view to disable this warning
2026-06-23T07:07:18.385-03:00  INFO 21052 --- [           main] o.s.b.t.m.w.SpringBootMockServletContext : Initializing Spring TestDispatcherServlet ''
2026-06-23T07:07:18.385-03:00  INFO 21052 --- [           main] o.s.t.web.servlet.TestDispatcherServlet  : Initializing Servlet ''
2026-06-23T07:07:18.385-03:00  INFO 21052 --- [           main] o.s.t.web.servlet.TestDispatcherServlet  : Completed initialization in 0 ms
]]></system-out>
  </testcase>
</testsuite>